<?xml version="1.0" encoding="UTF-8"?>
<testng-results skipped="0" failed="0" ignored="0" total="3" passed="3">
  <reporter-output>
  </reporter-output>
  <suite name="Command line suite" duration-ms="17448" started-at="2022-06-30T13:45:36 IST" finished-at="2022-06-30T13:45:53 IST">
    <groups>
      <group name="cucumber">
        <method signature="AbstractTestNGCucumberTests.runScenario(io.cucumber.testng.PickleWrapper,io.cucumber.testng.FeatureWrapper)[pri:0, instance:cucumberOptions.TestRunner@87f383f]" name="runScenario" class="io.cucumber.testng.AbstractTestNGCucumberTests"/>
      </group> <!-- cucumber -->
    </groups>
    <test name="Command line test" duration-ms="17448" started-at="2022-06-30T13:45:36 IST" finished-at="2022-06-30T13:45:53 IST">
      <class name="cucumberOptions.TestRunner">
        <test-method status="PASS" signature="setUpClass(org.testng.ITestContext)[pri:0, instance:cucumberOptions.TestRunner@87f383f]" name="setUpClass" is-config="true" duration-ms="1279" started-at="2022-06-30T13:45:36 IST" finished-at="2022-06-30T13:45:37 IST">
          <params>
            <param index="0">
              <value>
                <![CDATA[org.testng.TestRunner@1a1da881]]>
              </value>
            </param>
          </params>
          <reporter-output>
          </reporter-output>
        </test-method> <!-- setUpClass -->
        <test-method status="PASS" signature="runScenario(io.cucumber.testng.PickleWrapper,io.cucumber.testng.FeatureWrapper)[pri:0, instance:cucumberOptions.TestRunner@87f383f]" name="runScenario" duration-ms="12915" started-at="2022-06-30T13:45:37 IST" description="Runs Cucumber Scenarios" data-provider="scenarios" finished-at="2022-06-30T13:45:50 IST">
          <params>
            <param index="0">
              <value>
                <![CDATA["Home Page Multiple login"]]>
              </value>
            </param>
            <param index="1">
              <value>
                <![CDATA["PortalLogin"]]>
              </value>
            </param>
          </params>
          <reporter-output>
          </reporter-output>
        </test-method> <!-- runScenario -->
        <test-method status="PASS" signature="runScenario(io.cucumber.testng.PickleWrapper,io.cucumber.testng.FeatureWrapper)[pri:0, instance:cucumberOptions.TestRunner@87f383f]" name="runScenario" duration-ms="15516" started-at="2022-06-30T13:45:37 IST" description="Runs Cucumber Scenarios" data-provider="scenarios" finished-at="2022-06-30T13:45:53 IST">
          <params>
            <param index="0">
              <value>
                <![CDATA["Home Page"]]>
              </value>
            </param>
            <param index="1">
              <value>
                <![CDATA["PortalLogin"]]>
              </value>
            </param>
          </params>
          <reporter-output>
          </reporter-output>
        </test-method> <!-- runScenario -->
        <test-method status="PASS" signature="runScenario(io.cucumber.testng.PickleWrapper,io.cucumber.testng.FeatureWrapper)[pri:0, instance:cucumberOptions.TestRunner@87f383f]" name="runScenario" duration-ms="13435" started-at="2022-06-30T13:45:37 IST" description="Runs Cucumber Scenarios" data-provider="scenarios" finished-at="2022-06-30T13:45:51 IST">
          <params>
            <param index="0">
              <value>
                <![CDATA["Home Page Multiple login"]]>
              </value>
            </param>
            <param index="1">
              <value>
                <![CDATA["PortalLogin"]]>
              </value>
            </param>
          </params>
          <reporter-output>
          </reporter-output>
        </test-method> <!-- runScenario -->
        <test-method status="PASS" signature="tearDownClass()[pri:0, instance:cucumberOptions.TestRunner@87f383f]" name="tearDownClass" is-config="true" duration-ms="603" started-at="2022-06-30T13:45:53 IST" finished-at="2022-06-30T13:45:53 IST">
          <reporter-output>
          </reporter-output>
        </test-method> <!-- tearDownClass -->
      </class> <!-- cucumberOptions.TestRunner -->
    </test> <!-- Command line test -->
  </suite> <!-- Command line suite -->
</testng-results>
